[debug] [2019-09-11T19:29:40.299Z] ----------------------------------------------------------------------
[debug] [2019-09-11T19:29:40.302Z] Command:       C:\Program Files\nodejs\node.exe C:\Users\jackf\AppData\Roaming\npm\node_modules\firebase-tools\lib\bin\firebase.js init
[debug] [2019-09-11T19:29:40.302Z] CLI Version:   7.3.1
[debug] [2019-09-11T19:29:40.302Z] Platform:      win32
[debug] [2019-09-11T19:29:40.302Z] Node Version:  v10.16.0
[debug] [2019-09-11T19:29:40.303Z] Time:          Thu Sep 12 2019 03:29:40 GMT+0800 (China Standard Time)
[debug] [2019-09-11T19:29:40.303Z] ----------------------------------------------------------------------
[debug] 
[debug] [2019-09-11T19:29:40.309Z] > command requires scopes: ["email","openid","https://www.googleapis.com/auth/cloudplatformprojects.readonly","https://www.googleapis.com/auth/firebase","https://www.googleapis.com/auth/cloud-platform"]
[debug] [2019-09-11T19:29:40.310Z] > authorizing via signed-in user
[info] 
     ######## #### ########  ######## ########     ###     ######  ########
     ##        ##  ##     ## ##       ##     ##  ##   ##  ##       ##
     ######    ##  ########  ######   ########  #########  ######  ######
     ##        ##  ##    ##  ##       ##     ## ##     ##       ## ##
     ##       #### ##     ## ######## ########  ##     ##  ######  ########

You're about to initialize a Firebase project in this directory:

  C:\xampp\htdocs\jamii

Before we get started, keep in mind:

  * You are currently outside your home directory

